Sat Jun 29 10:17:52 MSK 2019 : Сетевой сервер Apache Derby Network Server - 10.10.1.3 - (1557168) запущен и готов принимать соединения на порту 1527 на {3} 
----------------------------------------------------------------
Sat Jun 29 10:18:27 MSK 2019:
 Производится загрузка Derby версии The Apache Software Foundation - Apache Derby - 10.10.1.3 - (1557168): экземпляр a816c00e-016b-a218-f0aa-ffffa740c20e
в каталоге базы данных D:\Users\UstinovSA\Dev_J60\blog.avalon.ru\Sample sun.misc.Launcher$AppClassLoader@1d44bcfa 

java.vendor=Oracle Corporation
java.runtime.version=1.8.0_31-b13
user.dir=C:\Program Files\Java\jdk1.8.0_31\db
os.name=Windows 7
os.arch=amd64
os.version=6.1
derby.system.home=D:\Users\UstinovSA\Dev_J60\blog.avalon.ru
Запущен загрузчик классов базы данных - derby.database.classpath=''
----------------------------------------------------------------
Sat Jun 29 10:27:07 MSK 2019:
 Производится загрузка Derby версии The Apache Software Foundation - Apache Derby - 10.10.1.3 - (1557168): экземпляр d15980bd-016b-a218-f0aa-ffffa740c20e
в каталоге базы данных D:\Users\UstinovSA\Dev_J60\blog.avalon.ru\SampleForBlog sun.misc.Launcher$AppClassLoader@1d44bcfa 

java.vendor=Oracle Corporation
java.runtime.version=1.8.0_31-b13
user.dir=C:\Program Files\Java\jdk1.8.0_31\db
os.name=Windows 7
os.arch=amd64
os.version=6.1
derby.system.home=D:\Users\UstinovSA\Dev_J60\blog.avalon.ru
Запущен загрузчик классов базы данных - derby.database.classpath=''
